[INFO ] 2019-04-03 16:09:43.833 [main] talkbot - addButton
[INFO ] 2019-04-03 16:09:49.034 [main] talkbot - addButtonSave
[INFO ] 2019-04-03 16:09:49.491 [main] talkbot - back
[INFO ] 2019-04-03 16:09:49.655 [main] talkbot - removeButton
[INFO ] 2019-04-03 16:09:50.047 [main] talkbot - back
[INFO ] 2019-04-03 16:09:50.317 [main] talkbot - changeButton
[INFO ] 2019-04-03 16:09:50.718 [main] talkbot - back
[INFO ] 2019-04-03 16:09:50.932 [main] talkbot - categories
[INFO ] 2019-04-03 16:09:51.374 [main] talkbot - back
[INFO ] 2019-04-03 16:09:51.555 [main] talkbot - AddSet
[INFO ] 2019-04-03 16:09:51.795 [main] talkbot - RemoveSet
[INFO ] 2019-04-03 16:09:52.398 [main] talkbot - back
[INFO ] 2019-04-03 16:09:52.671 [main] talkbot - SimLog
[INFO ] 2019-04-03 16:10:07.899 [main] talkbot - addButton
[INFO ] 2019-04-03 16:10:09.651 [main] talkbot - addButtonSave
[INFO ] 2019-04-03 16:10:10.094 [main] talkbot - back
[INFO ] 2019-04-03 16:10:10.312 [main] talkbot - removeButton
[INFO ] 2019-04-03 16:10:10.582 [main] talkbot - back
[INFO ] 2019-04-03 16:10:10.750 [main] talkbot - changeButton
[INFO ] 2019-04-03 16:10:11.112 [main] talkbot - back
[INFO ] 2019-04-03 16:10:11.278 [main] talkbot - categories
[INFO ] 2019-04-03 16:10:11.561 [main] talkbot - back
[INFO ] 2019-04-03 16:10:11.741 [main] talkbot - AddSet
[INFO ] 2019-04-03 16:10:11.894 [main] talkbot - RemoveSet
[INFO ] 2019-04-03 16:10:12.337 [main] talkbot - back
[INFO ] 2019-04-03 16:10:12.554 [main] talkbot - SimLog
[INFO ] 2019-04-03 16:16:14.045 [main] talkbot - addButton
[INFO ] 2019-04-03 16:16:19.214 [main] talkbot - addButtonSave
[INFO ] 2019-04-03 16:16:19.498 [main] talkbot - back
[INFO ] 2019-04-03 16:16:19.669 [main] talkbot - removeButton
[INFO ] 2019-04-03 16:16:20.221 [main] talkbot - back
[INFO ] 2019-04-03 16:16:20.410 [main] talkbot - changeButton
[INFO ] 2019-04-03 16:16:20.662 [main] talkbot - back
[INFO ] 2019-04-03 16:16:20.827 [main] talkbot - categories
[INFO ] 2019-04-03 16:16:21.245 [main] talkbot - back
[INFO ] 2019-04-03 16:16:21.352 [main] talkbot - AddSet
[INFO ] 2019-04-03 16:16:21.456 [main] talkbot - RemoveSet
[INFO ] 2019-04-03 16:16:21.867 [main] talkbot - back
[INFO ] 2019-04-03 16:16:22.072 [main] talkbot - SimLog
[INFO ] 2019-04-03 16:16:59.818 [main] talkbot - addButton
[INFO ] 2019-04-03 16:17:01.463 [main] talkbot - addButtonSave
[INFO ] 2019-04-03 16:17:01.922 [main] talkbot - back
[INFO ] 2019-04-03 16:17:02.106 [main] talkbot - removeButton
[INFO ] 2019-04-03 16:17:02.377 [main] talkbot - back
[INFO ] 2019-04-03 16:17:02.539 [main] talkbot - changeButton
[INFO ] 2019-04-03 16:17:02.858 [main] talkbot - back
[INFO ] 2019-04-03 16:17:03.128 [main] talkbot - categories
[INFO ] 2019-04-03 16:17:03.585 [main] talkbot - back
[INFO ] 2019-04-03 16:17:03.814 [main] talkbot - AddSet
[INFO ] 2019-04-03 16:17:04.026 [main] talkbot - RemoveSet
[INFO ] 2019-04-03 16:17:04.444 [main] talkbot - back
[INFO ] 2019-04-03 16:17:04.643 [main] talkbot - SimLog
[INFO ] 2019-04-03 16:17:27.635 [main] talkbot - addButton
[INFO ] 2019-04-03 16:17:29.001 [main] talkbot - addButtonSave
[INFO ] 2019-04-03 16:17:29.437 [main] talkbot - back
[INFO ] 2019-04-03 16:17:29.608 [main] talkbot - removeButton
[INFO ] 2019-04-03 16:17:29.904 [main] talkbot - back
[INFO ] 2019-04-03 16:17:30.070 [main] talkbot - changeButton
[INFO ] 2019-04-03 16:17:30.407 [main] talkbot - back
[INFO ] 2019-04-03 16:17:30.642 [main] talkbot - categories
[INFO ] 2019-04-03 16:17:31.022 [main] talkbot - back
[INFO ] 2019-04-03 16:17:31.161 [main] talkbot - AddSet
[INFO ] 2019-04-03 16:17:31.289 [main] talkbot - RemoveSet
[INFO ] 2019-04-03 16:17:31.680 [main] talkbot - back
[INFO ] 2019-04-03 16:17:31.919 [main] talkbot - SimLog
[INFO ] 2019-04-03 16:18:17.990 [main] talkbot - addButton
[INFO ] 2019-04-03 16:18:35.969 [main] talkbot - addButtonSave
[INFO ] 2019-04-03 16:18:36.384 [main] talkbot - back
[INFO ] 2019-04-03 16:18:36.539 [main] talkbot - removeButton
[INFO ] 2019-04-03 16:18:36.824 [main] talkbot - back
[INFO ] 2019-04-03 16:18:36.991 [main] talkbot - changeButton
[INFO ] 2019-04-03 16:18:37.242 [main] talkbot - back
[INFO ] 2019-04-03 16:18:37.421 [main] talkbot - categories
[INFO ] 2019-04-03 16:18:37.801 [main] talkbot - back
[INFO ] 2019-04-03 16:18:38.101 [main] talkbot - AddSet
[INFO ] 2019-04-03 16:18:38.289 [main] talkbot - RemoveSet
[INFO ] 2019-04-03 16:18:38.674 [main] talkbot - back
[INFO ] 2019-04-03 16:18:38.868 [main] talkbot - SimLog
[INFO ] 2019-04-03 16:19:22.418 [main] talkbot - addButton
[INFO ] 2019-04-03 16:19:26.384 [main] talkbot - addButtonSave
[INFO ] 2019-04-03 16:19:26.823 [main] talkbot - back
[INFO ] 2019-04-03 16:19:26.999 [main] talkbot - removeButton
[INFO ] 2019-04-03 16:19:27.310 [main] talkbot - back
[INFO ] 2019-04-03 16:19:27.485 [main] talkbot - changeButton
[INFO ] 2019-04-03 16:19:27.760 [main] talkbot - back
[INFO ] 2019-04-03 16:19:27.953 [main] talkbot - categories
[INFO ] 2019-04-03 16:19:28.261 [main] talkbot - back
[INFO ] 2019-04-03 16:19:28.400 [main] talkbot - AddSet
[INFO ] 2019-04-03 16:19:28.531 [main] talkbot - RemoveSet
[INFO ] 2019-04-03 16:19:29.017 [main] talkbot - back
[INFO ] 2019-04-03 16:19:29.195 [main] talkbot - SimLog
[INFO ] 2019-04-03 16:20:22.083 [main] talkbot - addButton
[INFO ] 2019-04-03 16:20:23.387 [main] talkbot - addButtonSave
[INFO ] 2019-04-03 16:20:23.807 [main] talkbot - back
[INFO ] 2019-04-03 16:20:23.976 [main] talkbot - removeButton
[INFO ] 2019-04-03 16:20:24.275 [main] talkbot - back
[INFO ] 2019-04-03 16:20:24.441 [main] talkbot - changeButton
[INFO ] 2019-04-03 16:20:24.694 [main] talkbot - back
[INFO ] 2019-04-03 16:20:24.875 [main] talkbot - categories
[INFO ] 2019-04-03 16:20:25.240 [main] talkbot - back
[INFO ] 2019-04-03 16:20:25.393 [main] talkbot - AddSet
[INFO ] 2019-04-03 16:20:25.535 [main] talkbot - RemoveSet
[INFO ] 2019-04-03 16:20:26.028 [main] talkbot - back
[INFO ] 2019-04-03 16:20:26.233 [main] talkbot - SimLog
[INFO ] 2019-04-03 16:20:45.466 [main] talkbot - addButton
[INFO ] 2019-04-03 16:20:46.987 [main] talkbot - addButtonSave
[INFO ] 2019-04-03 16:20:47.413 [main] talkbot - back
[INFO ] 2019-04-03 16:20:47.586 [main] talkbot - removeButton
[INFO ] 2019-04-03 16:20:47.958 [main] talkbot - back
[INFO ] 2019-04-03 16:20:48.119 [main] talkbot - changeButton
[INFO ] 2019-04-03 16:20:48.372 [main] talkbot - back
[INFO ] 2019-04-03 16:20:48.551 [main] talkbot - categories
[INFO ] 2019-04-03 16:20:48.788 [main] talkbot - back
[INFO ] 2019-04-03 16:20:48.926 [main] talkbot - AddSet
[INFO ] 2019-04-03 16:20:49.090 [main] talkbot - RemoveSet
[INFO ] 2019-04-03 16:20:49.451 [main] talkbot - back
[INFO ] 2019-04-03 16:20:49.636 [main] talkbot - SimLog
[INFO ] 2019-04-03 16:21:35.527 [main] talkbot - addButton
[INFO ] 2019-04-03 16:21:37.035 [main] talkbot - addButtonSave
[INFO ] 2019-04-03 16:21:37.487 [main] talkbot - back
[INFO ] 2019-04-03 16:21:37.665 [main] talkbot - removeButton
[INFO ] 2019-04-03 16:21:38.056 [main] talkbot - back
[INFO ] 2019-04-03 16:21:38.227 [main] talkbot - changeButton
[INFO ] 2019-04-03 16:21:38.472 [main] talkbot - back
[INFO ] 2019-04-03 16:21:38.693 [main] talkbot - categories
[INFO ] 2019-04-03 16:21:39.024 [main] talkbot - back
[INFO ] 2019-04-03 16:21:39.170 [main] talkbot - AddSet
[INFO ] 2019-04-03 16:21:39.277 [main] talkbot - RemoveSet
[INFO ] 2019-04-03 16:21:39.642 [main] talkbot - back
[INFO ] 2019-04-03 16:21:39.847 [main] talkbot - SimLog
[INFO ] 2019-04-03 16:31:55.135 [main] talkbot - addButton
[INFO ] 2019-04-03 16:31:57.957 [main] talkbot - addButtonSave
[INFO ] 2019-04-03 16:31:58.560 [main] talkbot - back
[INFO ] 2019-04-03 16:31:58.755 [main] talkbot - removeButton
[INFO ] 2019-04-03 16:31:59.083 [main] talkbot - back
[INFO ] 2019-04-03 16:31:59.399 [main] talkbot - changeButton
[INFO ] 2019-04-03 16:31:59.680 [main] talkbot - back
[INFO ] 2019-04-03 16:31:59.872 [main] talkbot - categories
[INFO ] 2019-04-03 16:32:00.203 [main] talkbot - back
[INFO ] 2019-04-03 16:32:00.325 [main] talkbot - AddSet
[INFO ] 2019-04-03 16:32:00.453 [main] talkbot - RemoveSet
[INFO ] 2019-04-03 16:32:01.015 [main] talkbot - back
[INFO ] 2019-04-03 16:32:01.222 [main] talkbot - SimLog
[INFO ] 2019-04-03 21:48:58.741 [main] talkbot - addButton
[INFO ] 2019-04-03 21:49:05.546 [main] talkbot - addButtonSave
[INFO ] 2019-04-03 21:49:05.892 [main] talkbot - back
[INFO ] 2019-04-03 21:49:06.055 [main] talkbot - removeButton
[INFO ] 2019-04-03 21:49:06.379 [main] talkbot - back
[INFO ] 2019-04-03 21:49:06.621 [main] talkbot - changeButton
[INFO ] 2019-04-03 21:49:06.971 [main] talkbot - back
[INFO ] 2019-04-03 21:49:07.169 [main] talkbot - categories
[INFO ] 2019-04-03 21:49:07.455 [main] talkbot - back
[INFO ] 2019-04-03 21:49:07.579 [main] talkbot - AddSet
[INFO ] 2019-04-03 21:49:07.710 [main] talkbot - RemoveSet
[INFO ] 2019-04-03 21:49:08.071 [main] talkbot - back
[INFO ] 2019-04-03 21:49:08.232 [main] talkbot - SimLog
