[INFO ] 2019-04-02 21:21:22.100 [AWT-EventQueue-0] TalkBoxConfigurationGUI - categories
[INFO ] 2019-04-02 21:21:23.308 [AWT-EventQueue-0] TalkBoxConfigurationGUI - RemoveSet
[INFO ] 2019-04-02 22:16:34.473 [AWT-EventQueue-0] TalkBoxConfigurationGUI - categories
[INFO ] 2019-04-02 22:16:35.177 [AWT-EventQueue-0] TalkBoxConfigurationGUI - RemoveSet
[INFO ] 2019-04-02 23:08:18.028 [AWT-EventQueue-0] TalkBoxConfigurationGUI - Button
[INFO ] 2019-04-02 23:08:25.142 [AWT-EventQueue-0] TalkBoxConfigurationGUI - Button
[INFO ] 2019-04-02 23:08:26.753 [AWT-EventQueue-0] TalkBoxConfigurationGUI - Set
[INFO ] 2019-04-02 23:08:27.701 [AWT-EventQueue-0] TalkBoxConfigurationGUI - Button
[INFO ] 2019-04-02 23:08:28.516 [AWT-EventQueue-0] TalkBoxConfigurationGUI - Set
[INFO ] 2019-04-02 23:08:29.041 [AWT-EventQueue-0] TalkBoxConfigurationGUI - Button
[INFO ] 2019-04-02 23:08:29.534 [AWT-EventQueue-0] TalkBoxConfigurationGUI - Button
[INFO ] 2019-04-02 23:08:30.727 [AWT-EventQueue-0] TalkBoxConfigurationGUI - Set
[INFO ] 2019-04-02 23:08:31.605 [AWT-EventQueue-0] TalkBoxConfigurationGUI - Button
[INFO ] 2019-04-02 23:08:31.735 [AWT-EventQueue-0] TalkBoxConfigurationGUI - Button
[INFO ] 2019-04-02 23:08:31.887 [AWT-EventQueue-0] TalkBoxConfigurationGUI - Button
[INFO ] 2019-04-02 23:10:46.764 [AWT-EventQueue-0] TalkBoxConfigurationGUI - Set 0 - Button 1
[INFO ] 2019-04-02 23:10:47.320 [AWT-EventQueue-0] TalkBoxConfigurationGUI - Set 0 - Button 1
[INFO ] 2019-04-02 23:10:47.441 [AWT-EventQueue-0] TalkBoxConfigurationGUI - Set 0 - Button 1
[INFO ] 2019-04-02 23:10:47.563 [AWT-EventQueue-0] TalkBoxConfigurationGUI - Set 0 - Button 1
[INFO ] 2019-04-02 23:10:54.449 [AWT-EventQueue-0] TalkBoxConfigurationGUI - Set 0 - Button 2
[INFO ] 2019-04-02 23:10:54.583 [AWT-EventQueue-0] TalkBoxConfigurationGUI - Set 0 - Button 2
[INFO ] 2019-04-02 23:10:54.700 [AWT-EventQueue-0] TalkBoxConfigurationGUI - Set 0 - Button 2
[INFO ] 2019-04-02 23:10:56.389 [AWT-EventQueue-0] TalkBoxConfigurationGUI - Set 0 - Button 1
[INFO ] 2019-04-02 23:10:56.661 [AWT-EventQueue-0] TalkBoxConfigurationGUI - Set 0 - Button 1
[INFO ] 2019-04-02 23:10:58.356 [AWT-EventQueue-0] TalkBoxConfigurationGUI - Set - 1
[INFO ] 2019-04-02 23:10:58.667 [AWT-EventQueue-0] TalkBoxConfigurationGUI - Set - 1
[INFO ] 2019-04-02 23:10:59.840 [AWT-EventQueue-0] TalkBoxConfigurationGUI - Set 1 - Button 1
[INFO ] 2019-04-02 23:10:59.962 [AWT-EventQueue-0] TalkBoxConfigurationGUI - Set 1 - Button 1
[INFO ] 2019-04-02 23:11:00.095 [AWT-EventQueue-0] TalkBoxConfigurationGUI - Set 1 - Button 1
[INFO ] 2019-04-02 23:11:00.213 [AWT-EventQueue-0] TalkBoxConfigurationGUI - Set 1 - Button 1
[INFO ] 2019-04-02 23:11:04.512 [AWT-EventQueue-0] TalkBoxConfigurationGUI - Set 1 - Button 3
[INFO ] 2019-04-02 23:11:05.412 [AWT-EventQueue-0] TalkBoxConfigurationGUI - Set 1 - Button 2
[INFO ] 2019-04-02 23:11:05.754 [AWT-EventQueue-0] TalkBoxConfigurationGUI - Set 1 - Button 2
[INFO ] 2019-04-02 23:11:06.041 [AWT-EventQueue-0] TalkBoxConfigurationGUI - Set 1 - Button 2
[INFO ] 2019-04-02 23:11:07.208 [AWT-EventQueue-0] TalkBoxConfigurationGUI - Set 1 - Button 2
[INFO ] 2019-04-02 23:11:07.653 [AWT-EventQueue-0] TalkBoxConfigurationGUI - Set 1 - Button 2
[INFO ] 2019-04-02 23:11:07.804 [AWT-EventQueue-0] TalkBoxConfigurationGUI - Set 1 - Button 2
[INFO ] 2019-04-02 23:11:07.925 [AWT-EventQueue-0] TalkBoxConfigurationGUI - Set 1 - Button 2
[INFO ] 2019-04-02 23:11:09.122 [AWT-EventQueue-0] TalkBoxConfigurationGUI - Set 1 - Button 2
[INFO ] 2019-04-02 23:11:09.486 [AWT-EventQueue-0] TalkBoxConfigurationGUI - Set 1 - Button 2
[INFO ] 2019-04-02 23:11:09.629 [AWT-EventQueue-0] TalkBoxConfigurationGUI - Set 1 - Button 2
[INFO ] 2019-04-02 23:11:09.741 [AWT-EventQueue-0] TalkBoxConfigurationGUI - Set 1 - Button 2
